\BOOKMARK [1][-]{section.1}{\376\377\000I\000n\000t\000r\000o\000d\000u\000c\000t\000i\000o\000n}{}% 1
\BOOKMARK [1][-]{section.2}{\376\377\000R\000e\000l\000a\000t\000e\000d\000\040\000W\000o\000r\000k}{}% 2
\BOOKMARK [1][-]{section.3}{\376\377\000M\000e\000t\000h\000o\000d}{}% 3
\BOOKMARK [1][-]{section.4}{\376\377\000E\000x\000p\000e\000r\000i\000m\000e\000n\000t\000a\000l\000\040\000S\000e\000t\000u\000p}{}% 4
\BOOKMARK [2][-]{subsection.4.1}{\376\377\000O\000v\000e\000r\000v\000i\000e\000w\000\040\000a\000n\000d\000\040\000g\000o\000a\000l\000s}{section.4}% 5
\BOOKMARK [2][-]{subsection.4.2}{\376\377\000N\000o\000t\000a\000t\000i\000o\000n\000\040\000a\000n\000d\000\040\000p\000r\000o\000b\000l\000e\000m\000\040\000i\000n\000s\000t\000a\000n\000t\000i\000a\000t\000i\000o\000n}{section.4}% 6
\BOOKMARK [2][-]{subsection.4.3}{\376\377\000D\000a\000t\000a\000s\000e\000t\000\040\000a\000n\000d\000\040\000p\000r\000e\000p\000r\000o\000c\000e\000s\000s\000i\000n\000g}{section.4}% 7
\BOOKMARK [2][-]{subsection.4.4}{\376\377\000M\000o\000d\000e\000l\000\040\000a\000r\000c\000h\000i\000t\000e\000c\000t\000u\000r\000e\000s\000\040\000a\000n\000d\000\040\000i\000n\000i\000t\000i\000a\000l\000\040\000c\000o\000n\000d\000i\000t\000i\000o\000n\000s}{section.4}% 8
\BOOKMARK [2][-]{subsection.4.5}{\376\377\000T\000r\000a\000i\000n\000i\000n\000g\000\040\000a\000n\000d\000\040\000o\000p\000t\000i\000m\000i\000z\000e\000r\000\040\000d\000e\000f\000a\000u\000l\000t\000s}{section.4}% 9
\BOOKMARK [2][-]{subsection.4.6}{\376\377\000A\000d\000v\000e\000r\000s\000a\000r\000i\000a\000l\000\040\000/\000\040\000c\000a\000n\000d\000i\000d\000a\000t\000e\000\040\000g\000e\000n\000e\000r\000a\000t\000i\000o\000n}{section.4}% 10
\BOOKMARK [2][-]{subsection.4.7}{\376\377\000T\000i\000e\000r\000e\000d\000\040\000v\000e\000r\000i\000f\000i\000c\000a\000t\000i\000o\000n\000\040\000p\000i\000p\000e\000l\000i\000n\000e\000\040\000\050\000c\000h\000e\000a\000p\000\040\000\040\000l\000e\000a\000r\000n\000e\000d\000\040\000\040\000e\000x\000p\000e\000n\000s\000i\000v\000e\000\051}{section.4}% 11
\BOOKMARK [2][-]{subsection.4.8}{\376\377\000M\000e\000t\000a\000-\000v\000e\000r\000i\000f\000i\000e\000r\000\040\000t\000r\000a\000i\000n\000i\000n\000g\000\040\000a\000n\000d\000\040\000m\000a\000i\000n\000t\000e\000n\000a\000n\000c\000e}{section.4}% 12
\BOOKMARK [2][-]{subsection.4.9}{\376\377\000S\000h\000a\000d\000o\000w\000-\000u\000p\000d\000a\000t\000e\000\040\000r\000o\000b\000u\000s\000t\000i\000f\000i\000c\000a\000t\000i\000o\000n\000\040\000a\000n\000d\000\040\000s\000t\000a\000t\000i\000s\000t\000i\000c\000a\000l\000\040\000a\000c\000c\000e\000p\000t\000a\000n\000c\000e}{section.4}% 13
\BOOKMARK [2][-]{subsection.4.10}{\376\377\000C\000o\000n\000s\000e\000r\000v\000a\000t\000i\000v\000e\000\040\000c\000o\000m\000m\000i\000t\000,\000\040\000r\000e\000p\000l\000a\000y\000,\000\040\000a\000n\000d\000\040\000a\000n\000t\000i\000-\000f\000o\000r\000g\000e\000t\000t\000i\000n\000g\000\040\000r\000e\000g\000u\000l\000a\000r\000i\000z\000a\000t\000i\000o\000n}{section.4}% 14
\BOOKMARK [2][-]{subsection.4.11}{\376\377\000V\000e\000r\000i\000f\000i\000e\000r\000\040\000r\000e\000t\000r\000a\000i\000n\000i\000n\000g\000,\000\040\000c\000a\000l\000i\000b\000r\000a\000t\000i\000o\000n\000\040\000m\000o\000n\000i\000t\000o\000r\000i\000n\000g\000,\000\040\000a\000n\000d\000\040\000d\000i\000v\000e\000r\000s\000i\000t\000y\000\040\000m\000a\000i\000n\000t\000e\000n\000a\000n\000c\000e}{section.4}% 15
\BOOKMARK [2][-]{subsection.4.12}{\376\377\000B\000a\000s\000e\000l\000i\000n\000e\000s\000,\000\040\000a\000b\000l\000a\000t\000i\000o\000n\000s\000\040\000a\000n\000d\000\040\000e\000x\000p\000e\000r\000i\000m\000e\000n\000t\000a\000l\000\040\000r\000u\000n\000s}{section.4}% 16
\BOOKMARK [2][-]{subsection.4.13}{\376\377\000E\000v\000a\000l\000u\000a\000t\000i\000o\000n\000\040\000m\000e\000t\000r\000i\000c\000s\000\040\000a\000n\000d\000\040\000s\000t\000a\000t\000i\000s\000t\000i\000c\000a\000l\000\040\000t\000e\000s\000t\000i\000n\000g}{section.4}% 17
\BOOKMARK [2][-]{subsection.4.14}{\376\377\000L\000o\000g\000g\000i\000n\000g\000,\000\040\000p\000r\000o\000v\000e\000n\000a\000n\000c\000e\000,\000\040\000a\000n\000d\000\040\000a\000u\000d\000i\000t\000i\000n\000g\000\040\000a\000r\000t\000i\000f\000a\000c\000t\000s}{section.4}% 18
\BOOKMARK [2][-]{subsection.4.15}{\376\377\000I\000m\000p\000l\000e\000m\000e\000n\000t\000a\000t\000i\000o\000n\000,\000\040\000s\000o\000f\000t\000w\000a\000r\000e\000,\000\040\000a\000n\000d\000\040\000c\000o\000m\000p\000u\000t\000e\000\040\000a\000c\000c\000o\000u\000n\000t\000i\000n\000g}{section.4}% 19
\BOOKMARK [2][-]{subsection.4.16}{\376\377\000H\000y\000p\000e\000r\000p\000a\000r\000a\000m\000e\000t\000e\000r\000s\000\040\000\050\000k\000e\000y\000\040\000v\000a\000l\000u\000e\000s\000\051}{section.4}% 20
\BOOKMARK [2][-]{subsection.4.17}{\376\377\000A\000b\000l\000a\000t\000i\000o\000n\000\040\000s\000c\000h\000e\000d\000u\000l\000e\000\040\000a\000n\000d\000\040\000r\000e\000p\000o\000r\000t\000i\000n\000g}{section.4}% 21
\BOOKMARK [2][-]{subsection.4.18}{\376\377\000R\000i\000s\000k\000\040\000m\000i\000t\000i\000g\000a\000t\000i\000o\000n\000s\000\040\000a\000n\000d\000\040\000s\000a\000n\000i\000t\000y\000\040\000c\000h\000e\000c\000k\000s}{section.4}% 22
\BOOKMARK [2][-]{subsection.4.19}{\376\377\000W\000h\000a\000t\000\040\000w\000i\000l\000l\000\040\000b\000e\000\040\000r\000e\000l\000e\000a\000s\000e\000d}{section.4}% 23
\BOOKMARK [1][-]{section.5}{\376\377\000R\000e\000s\000u\000l\000t\000s}{}% 24
\BOOKMARK [1][-]{section.6}{\376\377\000D\000i\000s\000c\000u\000s\000s\000i\000o\000n}{}% 25
\BOOKMARK [1][-]{section.7}{\376\377\000C\000o\000n\000c\000l\000u\000s\000i\000o\000n}{}% 26
